Flow report for UART
Sun May 25 14:41:51 2025
Quartus Prime Version 20.1.0 Build 711 06/05/2020 SJ Lite Edition


---------------------
; Table of Contents ;
---------------------
  1. Legal Notice
  2. Flow Summary
  3. Flow Settings
  4. Flow Non-Default Global Settings
  5. Flow Elapsed Time
  6. Flow OS Summary
  7. Flow Log
  8. Flow Messages
  9. Flow Suppressed Messages



----------------
; Legal Notice ;
----------------
Copyright (C) 2020  Intel Corporation. All rights reserved.
Your use of Intel Corporation's design tools, logic functions 
and other software and tools, and any partner logic 
functions, and any output files from any of the foregoing 
(including device programming or simulation files), and any 
associated documentation or information are expressly subject 
to the terms and conditions of the Intel Program License 
Subscription Agreement, the Intel Quartus Prime License Agreement,
the Intel FPGA IP License Agreement, or other applicable license
agreement, including, without limitation, that your use is for
the sole purpose of programming logic devices manufactured by
Intel and sold by Intel or its authorized distributors.  Please
refer to the applicable agreement for further details, at
https://fpgasoftware.intel.com/eula.



+-------------------------------------------------------------------------------+
; Flow Summary                                                                  ;
+---------------------------------+---------------------------------------------+
; Flow Status                     ; Successful - Sun May 25 14:41:51 2025       ;
; Quartus Prime Version           ; 20.1.0 Build 711 06/05/2020 SJ Lite Edition ;
; Revision Name                   ; UART                                        ;
; Top-level Entity Name           ; UART                                        ;
; Family                          ; Cyclone V                                   ;
; Device                          ; 5CEBA4F23C7                                 ;
; Timing Models                   ; Final                                       ;
; Logic utilization (in ALMs)     ; N/A                                         ;
; Total registers                 ; 52                                          ;
; Total pins                      ; 69                                          ;
; Total virtual pins              ; 0                                           ;
; Total block memory bits         ; 0                                           ;
; Total DSP Blocks                ; 0                                           ;
; Total HSSI RX PCSs              ; 0                                           ;
; Total HSSI PMA RX Deserializers ; 0                                           ;
; Total HSSI TX PCSs              ; 0                                           ;
; Total HSSI PMA TX Serializers   ; 0                                           ;
; Total PLLs                      ; 0                                           ;
; Total DLLs                      ; 0                                           ;
+---------------------------------+---------------------------------------------+


+-----------------------------------------+
; Flow Settings                           ;
+-------------------+---------------------+
; Option            ; Setting             ;
+-------------------+---------------------+
; Start date & time ; 05/25/2025 14:24:43 ;
; Main task         ; Compilation         ;
; Revision Name     ; UART                ;
+-------------------+---------------------+


+------------------------------------------------------------------------------------------------------------------------------------------------+
; Flow Non-Default Global Settings                                                                                                               ;
+-------------------------------------+----------------------------------------+---------------+-------------+-----------------------------------+
; Assignment Name                     ; Value                                  ; Default Value ; Entity Name ; Section Id                        ;
+-------------------------------------+----------------------------------------+---------------+-------------+-----------------------------------+
; COMPILER_SIGNATURE_ID               ; 110760108985777.174819388316012        ; --            ; --          ; --                                ;
; EDA_GENERATE_FUNCTIONAL_NETLIST     ; Off                                    ; --            ; --          ; eda_board_design_timing           ;
; EDA_GENERATE_FUNCTIONAL_NETLIST     ; Off                                    ; --            ; --          ; eda_board_design_boundary_scan    ;
; EDA_GENERATE_FUNCTIONAL_NETLIST     ; Off                                    ; --            ; --          ; eda_board_design_signal_integrity ;
; EDA_GENERATE_FUNCTIONAL_NETLIST     ; Off                                    ; --            ; --          ; eda_board_design_symbol           ;
; EDA_OUTPUT_DATA_FORMAT              ; Vhdl                                   ; --            ; --          ; eda_simulation                    ;
; EDA_SIMULATION_TOOL                 ; ModelSim (VHDL)                        ; <None>        ; --          ; --                                ;
; EDA_TIME_SCALE                      ; 1 ps                                   ; --            ; --          ; eda_simulation                    ;
; MAX_CORE_JUNCTION_TEMP              ; 85                                     ; --            ; --          ; --                                ;
; MIN_CORE_JUNCTION_TEMP              ; 0                                      ; --            ; --          ; --                                ;
; PARTITION_COLOR                     ; -- (Not supported for targeted family) ; --            ; --          ; Top                               ;
; PARTITION_FITTER_PRESERVATION_LEVEL ; -- (Not supported for targeted family) ; --            ; --          ; Top                               ;
; PARTITION_NETLIST_TYPE              ; -- (Not supported for targeted family) ; --            ; --          ; Top                               ;
; PROJECT_OUTPUT_DIRECTORY            ; output_files                           ; --            ; --          ; --                                ;
+-------------------------------------+----------------------------------------+---------------+-------------+-----------------------------------+


+--------------------------------------------------------------------------------------------------------------------------+
; Flow Elapsed Time                                                                                                        ;
+----------------------+--------------+-------------------------+---------------------+------------------------------------+
; Module Name          ; Elapsed Time ; Average Processors Used ; Peak Virtual Memory ; Total CPU Time (on all processors) ;
+----------------------+--------------+-------------------------+---------------------+------------------------------------+
; Analysis & Synthesis ; 00:00:33     ; 1.0                     ; 4851 MB             ; 00:00:37                           ;
; EDA Netlist Writer   ; 00:00:03     ; 1.0                     ; 4716 MB             ; 00:00:02                           ;
; EDA Netlist Writer   ; 00:00:02     ; 1.0                     ; 4717 MB             ; 00:00:02                           ;
; EDA Netlist Writer   ; 00:00:03     ; 1.0                     ; 4717 MB             ; 00:00:02                           ;
; EDA Netlist Writer   ; 00:00:02     ; 1.0                     ; 4717 MB             ; 00:00:02                           ;
; EDA Netlist Writer   ; 00:00:04     ; 1.0                     ; 4721 MB             ; 00:00:02                           ;
; EDA Netlist Writer   ; 00:00:03     ; 1.0                     ; 4717 MB             ; 00:00:02                           ;
; EDA Netlist Writer   ; 00:00:01     ; 1.0                     ; 4713 MB             ; 00:00:02                           ;
; EDA Netlist Writer   ; 00:00:01     ; 1.0                     ; 4717 MB             ; 00:00:02                           ;
; EDA Netlist Writer   ; 00:00:05     ; 1.0                     ; 4717 MB             ; 00:00:02                           ;
; EDA Netlist Writer   ; 00:00:02     ; 1.0                     ; 4717 MB             ; 00:00:02                           ;
; Total                ; 00:00:59     ; --                      ; --                  ; 00:00:57                           ;
+----------------------+--------------+-------------------------+---------------------+------------------------------------+


+------------------------------------------------------------------------------------+
; Flow OS Summary                                                                    ;
+----------------------+------------------+------------+------------+----------------+
; Module Name          ; Machine Hostname ; OS Name    ; OS Version ; Processor type ;
+----------------------+------------------+------------+------------+----------------+
; Analysis & Synthesis ; Aurebook         ; Windows 10 ; 10.0       ; x86_64         ;
; EDA Netlist Writer   ; Aurebook         ; Windows 10 ; 10.0       ; x86_64         ;
; EDA Netlist Writer   ; Aurebook         ; Windows 10 ; 10.0       ; x86_64         ;
; EDA Netlist Writer   ; Aurebook         ; Windows 10 ; 10.0       ; x86_64         ;
; EDA Netlist Writer   ; Aurebook         ; Windows 10 ; 10.0       ; x86_64         ;
; EDA Netlist Writer   ; Aurebook         ; Windows 10 ; 10.0       ; x86_64         ;
; EDA Netlist Writer   ; Aurebook         ; Windows 10 ; 10.0       ; x86_64         ;
; EDA Netlist Writer   ; Aurebook         ; Windows 10 ; 10.0       ; x86_64         ;
; EDA Netlist Writer   ; Aurebook         ; Windows 10 ; 10.0       ; x86_64         ;
; EDA Netlist Writer   ; Aurebook         ; Windows 10 ; 10.0       ; x86_64         ;
; EDA Netlist Writer   ; Aurebook         ; Windows 10 ; 10.0       ; x86_64         ;
+----------------------+------------------+------------+------------+----------------+


------------
; Flow Log ;
------------
quartus_map --read_settings_files=on --write_settings_files=off UART -c UART
quartus_eda --gen_testbench --tool=modelsim_oem --format=verilog --write_settings_files=off UART -c UART --vector_source=C:/intelFPGA_lite/20.1/UART/Waveform5.vwf --testbench_file=C:/intelFPGA_lite/20.1/UART/simulation/qsim/Waveform5.vwf.vt
quartus_eda --write_settings_files=off --simulation=on --functional=on --flatten_buses=off --tool=modelsim_oem --format=verilog --output_directory=C:/intelFPGA_lite/20.1/UART/simulation/qsim/ UART -c UART
quartus_eda --gen_testbench --tool=modelsim_oem --format=verilog --write_settings_files=off UART -c UART --vector_source=C:/intelFPGA_lite/20.1/UART/Waveform5.vwf --testbench_file=C:/intelFPGA_lite/20.1/UART/simulation/qsim/Waveform5.vwf.vt
quartus_eda --write_settings_files=off --simulation=on --functional=on --flatten_buses=off --tool=modelsim_oem --format=verilog --output_directory=C:/intelFPGA_lite/20.1/UART/simulation/qsim/ UART -c UART
quartus_eda --gen_testbench --tool=modelsim_oem --format=verilog --write_settings_files=off UART -c UART --vector_source=C:/intelFPGA_lite/20.1/UART/Waveform5.vwf --testbench_file=C:/intelFPGA_lite/20.1/UART/simulation/qsim/Waveform5.vwf.vt
quartus_eda --write_settings_files=off --simulation=on --functional=on --flatten_buses=off --tool=modelsim_oem --format=verilog --output_directory=C:/intelFPGA_lite/20.1/UART/simulation/qsim/ UART -c UART
quartus_eda --gen_testbench --tool=modelsim_oem --format=verilog --write_settings_files=off UART -c UART --vector_source=C:/intelFPGA_lite/20.1/UART/Waveform5.vwf --testbench_file=C:/intelFPGA_lite/20.1/UART/simulation/qsim/Waveform5.vwf.vt
quartus_eda --write_settings_files=off --simulation=on --functional=on --flatten_buses=off --tool=modelsim_oem --format=verilog --output_directory=C:/intelFPGA_lite/20.1/UART/simulation/qsim/ UART -c UART
quartus_eda --gen_testbench --tool=modelsim_oem --format=verilog --write_settings_files=off UART -c UART --vector_source=C:/intelFPGA_lite/20.1/UART/Waveform5.vwf --testbench_file=C:/intelFPGA_lite/20.1/UART/simulation/qsim/Waveform5.vwf.vt
quartus_eda --write_settings_files=off --simulation=on --functional=on --flatten_buses=off --tool=modelsim_oem --format=verilog --output_directory=C:/intelFPGA_lite/20.1/UART/simulation/qsim/ UART -c UART



